<?xml version="1.0" encoding="UTF-8"?>
<!-- Generated by org.testng.reporters.JUnitReportReporter -->
<testsuite hostname="BEAVERG" failures="0" tests="2" name="pagefactory.test.FWWDAdvancedTests" time="29.305" errors="0" timestamp="2023-02-07T00:39:02 MSK" skipped="0">
  <testcase classname="pagefactory.test.FWWDAdvancedTests" name="commonSearchCloudCalc" time="13.471"/>
  <system-out/>
  <testcase classname="pagefactory.test.FWWDAdvancedTests" name="commonSearchCloudCalcWithAnotherRequest" time="15.834"/>
  <system-out/>
</testsuite> <!-- pagefactory.test.FWWDAdvancedTests -->
